<?xml version="1.0" encoding="UTF-8"?>
<!-- Generated by org.testng.reporters.JUnitReportReporter -->
<testsuite hostname="mukta" failures="0" tests="4" name="testNg.VerifyAddToCartBuyNow" time="0.000" errors="0" timestamp="2023-03-25T02:30:59 IST" skipped="4">
  <testcase classname="testNg.VerifyAddToCartBuyNow" name="verifyBuyNowPageNoptionsDisplayed" time="0.000">
    <skipped/>
  </testcase> <!-- verifyBuyNowPageNoptionsDisplayed -->
  <system-out/>
  <testcase classname="testNg.VerifyAddToCartBuyNow" name="verifyBuyNowPageNoptionsDisplayed" time="0.000">
    <skipped/>
  </testcase> <!-- verifyBuyNowPageNoptionsDisplayed -->
  <system-out/>
  <testcase classname="testNg.VerifyAddToCartBuyNow" name="verifyAddToCart" time="0.000">
    <skipped/>
  </testcase> <!-- verifyAddToCart -->
  <system-out/>
  <testcase classname="testNg.VerifyAddToCartBuyNow" name="verifyAddToCart" time="0.000">
    <skipped/>
  </testcase> <!-- verifyAddToCart -->
  <system-out/>
</testsuite> <!-- testNg.VerifyAddToCartBuyNow -->
